<?xml version="1.0" encoding="UTF-8"?>
<testsuite name="com.example.restaurant.wishlist.repository.WishListRepositoryTest" tests="1" skipped="0" failures="0" errors="0" timestamp="2022-11-14T11:31:46" hostname="DESKTOP-LOUR4NL" time="0.356">
  <properties/>
  <testcase name="listAllTest()" classname="com.example.restaurant.wishlist.repository.WishListRepositoryTest" time="0.356"/>
  <system-out><![CDATA[20:31:45.005 [Test worker] DEBUG org.springframework.test.context.BootstrapUtils - Instantiating CacheAwareContextLoaderDelegate from class [org.springframework.test.context.cache.DefaultCacheAwareContextLoaderDelegate]
20:31:45.016 [Test worker] DEBUG org.springframework.test.context.BootstrapUtils - Instantiating BootstrapContext using constructor [public org.springframework.test.context.support.DefaultBootstrapContext(java.lang.Class,org.springframework.test.context.CacheAwareContextLoaderDelegate)]
20:31:45.048 [Test worker] DEBUG org.springframework.test.context.BootstrapUtils - Instantiating TestContextBootstrapper for test class [com.example.restaurant.wishlist.repository.WishListRepositoryTest] from class [org.springframework.boot.test.context.SpringBootTestContextBootstrapper]
20:31:45.059 [Test worker] INFO org.springframework.boot.test.context.SpringBootTestContextBootstrapper - Neither @ContextConfiguration nor @ContextHierarchy found for test class [com.example.restaurant.wishlist.repository.WishListRepositoryTest], using SpringBootContextLoader
20:31:45.062 [Test worker] DEBUG org.springframework.test.context.support.AbstractContextLoader - Did not detect default resource location for test class [com.example.restaurant.wishlist.repository.WishListRepositoryTest]: class path resource [com/example/restaurant/wishlist/repository/WishListRepositoryTest-context.xml] does not exist
20:31:45.063 [Test worker] DEBUG org.springframework.test.context.support.AbstractContextLoader - Did not detect default resource location for test class [com.example.restaurant.wishlist.repository.WishListRepositoryTest]: class path resource [com/example/restaurant/wishlist/repository/WishListRepositoryTestContext.groovy] does not exist
20:31:45.063 [Test worker] INFO org.springframework.test.context.support.AbstractContextLoader - Could not detect default resource locations for test class [com.example.restaurant.wishlist.repository.WishListRepositoryTest]: no resource found for suffixes {-context.xml, Context.groovy}.
20:31:45.065 [Test worker] INFO org.springframework.test.context.support.AnnotationConfigContextLoaderUtils - Could not detect default configuration classes for test class [com.example.restaurant.wishlist.repository.WishListRepositoryTest]: WishListRepositoryTest does not declare any static, non-private, non-final, nested classes annotated with @Configuration.
20:31:45.108 [Test worker] DEBUG org.springframework.test.context.support.ActiveProfilesUtils - Could not find an 'annotation declaring class' for annotation type [org.springframework.test.context.ActiveProfiles] and class [com.example.restaurant.wishlist.repository.WishListRepositoryTest]
20:31:45.168 [Test worker] DEBUG org.springframework.context.annotation.ClassPathScanningCandidateComponentProvider - Identified candidate component class: file [C:\Users\hanra\restaurant\restaurant\build\classes\java\main\com\example\restaurant\RestaurantApplication.class]
20:31:45.169 [Test worker] INFO org.springframework.boot.test.context.SpringBootTestContextBootstrapper - Found @SpringBootConfiguration com.example.restaurant.RestaurantApplication for test class com.example.restaurant.wishlist.repository.WishListRepositoryTest
20:31:45.271 [Test worker] DEBUG org.springframework.boot.test.context.SpringBootTestContextBootstrapper - @TestExecutionListeners is not present for class [com.example.restaurant.wishlist.repository.WishListRepositoryTest]: using defaults.
20:31:45.272 [Test worker] INFO org.springframework.boot.test.context.SpringBootTestContextBootstrapper - Loaded default TestExecutionListener class names from location [META-INF/spring.factories]: [org.springframework.boot.test.autoconfigure.restdocs.RestDocsTestExecutionListener, org.springframework.boot.test.autoconfigure.web.client.MockRestServiceServerResetTestExecutionListener, org.springframework.boot.test.autoconfigure.web.servlet.MockMvcPrintOnlyOnFailureTestExecutionListener, org.springframework.boot.test.autoconfigure.web.servlet.WebDriverTestExecutionListener, org.springframework.boot.test.autoconfigure.webservices.client.MockWebServiceServerTestExecutionListener, org.springframework.boot.test.mock.mockito.MockitoTestExecutionListener, org.springframework.boot.test.mock.mockito.ResetMocksTestExecutionListener, org.springframework.test.context.web.ServletTestExecutionListener, org.springframework.test.context.support.DirtiesContextBeforeModesTestExecutionListener, org.springframework.test.context.event.ApplicationEventsTestExecutionListener, org.springframework.test.context.support.DependencyInjectionTestExecutionListener, org.springframework.test.context.support.DirtiesContextTestExecutionListener, org.springframework.test.context.transaction.TransactionalTestExecutionListener, org.springframework.test.context.jdbc.SqlScriptsTestExecutionListener, org.springframework.test.context.event.EventPublishingTestExecutionListener]
20:31:45.282 [Test worker] DEBUG org.springframework.boot.test.context.SpringBootTestContextBootstrapper - Skipping candidate TestExecutionListener [org.springframework.test.context.transaction.TransactionalTestExecutionListener] due to a missing dependency. Specify custom listener classes or make the default listener classes and their required dependencies available. Offending class: [org/springframework/transaction/interceptor/TransactionAttributeSource]
20:31:45.283 [Test worker] DEBUG org.springframework.boot.test.context.SpringBootTestContextBootstrapper - Skipping candidate TestExecutionListener [org.springframework.test.context.jdbc.SqlScriptsTestExecutionListener] due to a missing dependency. Specify custom listener classes or make the default listener classes and their required dependencies available. Offending class: [org/springframework/transaction/interceptor/TransactionAttribute]
20:31:45.283 [Test worker] INFO org.springframework.boot.test.context.SpringBootTestContextBootstrapper - Using TestExecutionListeners: [org.springframework.test.context.web.ServletTestExecutionListener@c41709a, org.springframework.test.context.support.DirtiesContextBeforeModesTestExecutionListener@7db0565c, org.springframework.test.context.event.ApplicationEventsTestExecutionListener@54ec8cc9, org.springframework.boot.test.mock.mockito.MockitoTestExecutionListener@52eacb4b, org.springframework.boot.test.autoconfigure.SpringBootDependencyInjectionTestExecutionListener@5528a42c, org.springframework.test.context.support.DirtiesContextTestExecutionListener@2a551a63, org.springframework.test.context.event.EventPublishingTestExecutionListener@1a6f5124, org.springframework.boot.test.autoconfigure.restdocs.RestDocsTestExecutionListener@1edb61b1, org.springframework.boot.test.autoconfigure.web.client.MockRestServiceServerResetTestExecutionListener@ec2bf82, org.springframework.boot.test.autoconfigure.web.servlet.MockMvcPrintOnlyOnFailureTestExecutionListener@cc62a3b, org.springframework.boot.test.autoconfigure.web.servlet.WebDriverTestExecutionListener@6cc0bcf6, org.springframework.boot.test.autoconfigure.webservices.client.MockWebServiceServerTestExecutionListener@29539e36, org.springframework.boot.test.mock.mockito.ResetMocksTestExecutionListener@32f61a31]
20:31:45.286 [Test worker] DEBUG org.springframework.test.context.support.AbstractDirtiesContextTestExecutionListener - Before test class: context [DefaultTestContext@2575f671 testClass = WishListRepositoryTest, testInstance = [null], testMethod = [null], testException = [null], mergedContextConfiguration = [WebMergedContextConfiguration@329a1243 testClass = WishListRepositoryTest, locations = '{}', classes = '{class com.example.restaurant.RestaurantApplication}', contextInitializerClasses = '[]', activeProfiles = '{}', propertySourceLocations = '{}', propertySourceProperties = '{org.springframework.boot.test.context.SpringBootTestContextBootstrapper=true}', contextCustomizers = set[org.springframework.boot.test.autoconfigure.actuate.metrics.MetricsExportContextCustomizerFactory$DisableMetricExportContextCustomizer@abf688e, org.springframework.boot.test.autoconfigure.properties.PropertyMappingContextCustomizer@0, org.springframework.boot.test.autoconfigure.web.servlet.WebDriverContextCustomizerFactory$Customizer@6eeade6c, org.springframework.boot.test.context.filter.ExcludeFilterContextCustomizer@7756c3cd, org.springframework.boot.test.json.DuplicateJsonObjectContextCustomizerFactory$DuplicateJsonObjectContextCustomizer@6cfcd46d, org.springframework.boot.test.mock.mockito.MockitoContextCustomizer@0, org.springframework.boot.test.web.client.TestRestTemplateContextCustomizer@1698ee84, org.springframework.boot.test.context.SpringBootTestArgs@1, org.springframework.boot.test.context.SpringBootTestWebEnvironment@776a6d9b], resourceBasePath = 'src/main/webapp', contextLoader = 'org.springframework.boot.test.context.SpringBootContextLoader', parent = [null]], attributes = map['org.springframework.test.context.web.ServletTestExecutionListener.activateListener' -> true]], class annotated with @DirtiesContext [false] with mode [null].

  .   ____          _            __ _ _
 /\\ / ___'_ __ _ _(_)_ __  __ _ \ \ \ \
( ( )\___ | '_ | '_| | '_ \/ _` | \ \ \ \
 \\/  ___)| |_)| | | | | || (_| |  ) ) ) )
  '  |____| .__|_| |_|_| |_\__, | / / / /
 =========|_|==============|___/=/_/_/_/
 :: Spring Boot ::                (v2.7.5)

2022-11-14 20:31:45.588  INFO 17004 --- [    Test worker] c.e.r.w.r.WishListRepositoryTest         : Starting WishListRepositoryTest using Java 11.0.1 on DESKTOP-LOUR4NL with PID 17004 (started by hanra in C:\Users\hanra\restaurant\restaurant)
2022-11-14 20:31:45.590  INFO 17004 --- [    Test worker] c.e.r.w.r.WishListRepositoryTest         : No active profile set, falling back to 1 default profile: "default"
2022-11-14 20:31:46.940  INFO 17004 --- [    Test worker] c.e.r.w.r.WishListRepositoryTest         : Started WishListRepositoryTest in 1.621 seconds (JVM running for 3.354)
]]></system-out>
  <system-err><![CDATA[]]></system-err>
</testsuite>
